<?xml version="1.0" encoding="UTF-8" ?>
<testsuite tests="1" failures="0" name="example.CourseTest" time="8.241" errors="1" skipped="0">
  <properties>
[...]
</properties>
  <testcase classname="example.CourseTest" name="shouldReturnSingleNode" time="8.241">
    <error message="Cannot retrieve a single record, because this result is empty." type="org.neo4j.driver.v1.exceptions.NoSuchRecordException">org.neo4j.driver.v1.exceptions.NoSuchRecordException: Cannot retrieve a single record, because this result is empty.
	at org.neo4j.driver.internal.util.Futures.blockingGet(Futures.java:122)
	at org.neo4j.driver.internal.InternalStatementResult.blockingGet(InternalStatementResult.java:134)
	at org.neo4j.driver.internal.InternalStatementResult.single(InternalStatementResult.java:81)
	at example.CourseTest.shouldReturnSingleNode(CourseTest.java:33)
	at sun.reflect.NativeMethodAccessorImpl.invoke0(Native Method)
	at sun.reflect.NativeMethodAccessorImpl.invoke(NativeMethodAccessorImpl.java:62)
	at sun.reflect.DelegatingMethodAccessorImpl.invoke(DelegatingMethodAccessorImpl.java:43)
	at java.lang.reflect.Method.invoke(Method.java:498)
	at org.junit.runners.model.FrameworkMethod$1.runReflectiveCall(FrameworkMethod.java:50)
	at org.junit.internal.runners.model.ReflectiveCallable.run(ReflectiveCallable.java:12)
	at org.junit.runners.model.FrameworkMethod.invokeExplosively(FrameworkMethod.java:47)
	at org.junit.internal.runners.statements.InvokeMethod.evaluate(InvokeMethod.java:17)
	at org.neo4j.harness.junit.Neo4jRule$1.evaluate(Neo4jRule.java:79)
	at org.junit.rules.RunRules.evaluate(RunRules.java:20)
	at org.junit.runners.ParentRunner.runLeaf(ParentRunner.java:325)
	at org.junit.runners.BlockJUnit4ClassRunner.runChild(BlockJUnit4ClassRunner.java:78)
	at org.junit.runners.BlockJUnit4ClassRunner.runChild(BlockJUnit4ClassRunner.java:57)
	at org.junit.runners.ParentRunner$3.run(ParentRunner.java:290)
	at org.junit.runners.ParentRunner$1.schedule(ParentRunner.java:71)
	at org.junit.runners.ParentRunner.runChildren(ParentRunner.java:288)
	at org.junit.runners.ParentRunner.access$000(ParentRunner.java:58)
	at org.junit.runners.ParentRunner$2.evaluate(ParentRunner.java:268)
	at org.junit.runners.ParentRunner.run(ParentRunner.java:363)
	at org.apache.maven.surefire.junit4.JUnit4Provider.execute(JUnit4Provider.java:252)
	at org.apache.maven.surefire.junit4.JUnit4Provider.executeTestSet(JUnit4Provider.java:141)
	at org.apache.maven.surefire.junit4.JUnit4Provider.invoke(JUnit4Provider.java:112)
	at sun.reflect.NativeMethodAccessorImpl.invoke0(Native Method)
	at sun.reflect.NativeMethodAccessorImpl.invoke(NativeMethodAccessorImpl.java:62)
	at sun.reflect.DelegatingMethodAccessorImpl.invoke(DelegatingMethodAccessorImpl.java:43)
	at java.lang.reflect.Method.invoke(Method.java:498)
	at org.apache.maven.surefire.util.ReflectionUtils.invokeMethodWithArray(ReflectionUtils.java:189)
	at org.apache.maven.surefire.booter.ProviderFactory$ProviderProxy.invoke(ProviderFactory.java:165)
	at org.apache.maven.surefire.booter.ProviderFactory.invokeProvider(ProviderFactory.java:85)
	at org.apache.maven.surefire.booter.ForkedBooter.runSuitesInProcess(ForkedBooter.java:115)
	at org.apache.maven.surefire.booter.ForkedBooter.main(ForkedBooter.java:75)
	Suppressed: org.neo4j.driver.internal.util.ErrorUtil$InternalExceptionCause
		at org.neo4j.driver.internal.InternalStatementResultCursor.lambda$singleAsync$1(InternalStatementResultCursor.java:78)
		at java.util.concurrent.CompletableFuture.uniCompose(CompletableFuture.java:952)
		at java.util.concurrent.CompletableFuture$UniCompose.tryFire(CompletableFuture.java:926)
		at java.util.concurrent.CompletableFuture.postComplete(CompletableFuture.java:474)
		at java.util.concurrent.CompletableFuture.complete(CompletableFuture.java:1962)
		at org.neo4j.driver.internal.handlers.PullAllResponseHandler.completeRecordFuture(PullAllResponseHandler.java:304)
		at org.neo4j.driver.internal.handlers.PullAllResponseHandler.onSuccess(PullAllResponseHandler.java:87)
		at org.neo4j.driver.internal.async.inbound.InboundMessageDispatcher.handleSuccessMessage(InboundMessageDispatcher.java:81)
		at org.neo4j.driver.internal.messaging.v1.MessageReaderV1.unpackSuccessMessage(MessageReaderV1.java:75)
		at org.neo4j.driver.internal.messaging.v1.MessageReaderV1.read(MessageReaderV1.java:56)
		at org.neo4j.driver.internal.async.inbound.InboundMessageHandler.channelRead0(InboundMessageHandler.java:83)
		at org.neo4j.driver.internal.async.inbound.InboundMessageHandler.channelRead0(InboundMessageHandler.java:35)
		at org.neo4j.driver.internal.shaded.io.netty.channel.SimpleChannelInboundHandler.channelRead(SimpleChannelInboundHandler.java:105)
		at org.neo4j.driver.internal.shaded.io.netty.channel.AbstractChannelHandlerContext.invokeChannelRead(AbstractChannelHandlerContext.java:362)
		at org.neo4j.driver.internal.shaded.io.netty.channel.AbstractChannelHandlerContext.invokeChannelRead(AbstractChannelHandlerContext.java:348)
		at org.neo4j.driver.internal.shaded.io.netty.channel.AbstractChannelHandlerContext.fireChannelRead(AbstractChannelHandlerContext.java:340)
		at org.neo4j.driver.internal.shaded.io.netty.handler.codec.ByteToMessageDecoder.fireChannelRead(ByteToMessageDecoder.java:310)
		at org.neo4j.driver.internal.shaded.io.netty.handler.codec.ByteToMessageDecoder.channelRead(ByteToMessageDecoder.java:284)
		at org.neo4j.driver.internal.async.inbound.MessageDecoder.channelRead(MessageDecoder.java:47)
		at org.neo4j.driver.internal.shaded.io.netty.channel.AbstractChannelHandlerContext.invokeChannelRead(AbstractChannelHandlerContext.java:362)
		at org.neo4j.driver.internal.shaded.io.netty.channel.AbstractChannelHandlerContext.invokeChannelRead(AbstractChannelHandlerContext.java:348)
		at org.neo4j.driver.internal.shaded.io.netty.channel.AbstractChannelHandlerContext.fireChannelRead(AbstractChannelHandlerContext.java:340)
		at org.neo4j.driver.internal.shaded.io.netty.handler.codec.ByteToMessageDecoder.fireChannelRead(ByteToMessageDecoder.java:310)
		at org.neo4j.driver.internal.shaded.io.netty.handler.codec.ByteToMessageDecoder.channelRead(ByteToMessageDecoder.java:284)
		at org.neo4j.driver.internal.shaded.io.netty.channel.AbstractChannelHandlerContext.invokeChannelRead(AbstractChannelHandlerContext.java:362)
		at org.neo4j.driver.internal.shaded.io.netty.channel.AbstractChannelHandlerContext.invokeChannelRead(AbstractChannelHandlerContext.java:348)
		at org.neo4j.driver.internal.shaded.io.netty.channel.AbstractChannelHandlerContext.fireChannelRead(AbstractChannelHandlerContext.java:340)
		at org.neo4j.driver.internal.shaded.io.netty.channel.DefaultChannelPipeline$HeadContext.channelRead(DefaultChannelPipeline.java:1414)
		at org.neo4j.driver.internal.shaded.io.netty.channel.AbstractChannelHandlerContext.invokeChannelRead(AbstractChannelHandlerContext.java:362)
		at org.neo4j.driver.internal.shaded.io.netty.channel.AbstractChannelHandlerContext.invokeChannelRead(AbstractChannelHandlerContext.java:348)
		at org.neo4j.driver.internal.shaded.io.netty.channel.DefaultChannelPipeline.fireChannelRead(DefaultChannelPipeline.java:945)
		at org.neo4j.driver.internal.shaded.io.netty.channel.nio.AbstractNioByteChannel$NioByteUnsafe.read(AbstractNioByteChannel.java:146)
		at org.neo4j.driver.internal.shaded.io.netty.channel.nio.NioEventLoop.processSelectedKey(NioEventLoop.java:645)
		at org.neo4j.driver.internal.shaded.io.netty.channel.nio.NioEventLoop.processSelectedKeysOptimized(NioEventLoop.java:580)
		at org.neo4j.driver.internal.shaded.io.netty.channel.nio.NioEventLoop.processSelectedKeys(NioEventLoop.java:497)
		at org.neo4j.driver.internal.shaded.io.netty.channel.nio.NioEventLoop.run(NioEventLoop.java:459)
		at org.neo4j.driver.internal.shaded.io.netty.util.concurrent.SingleThreadEventExecutor$5.run(SingleThreadEventExecutor.java:886)
		at org.neo4j.driver.internal.shaded.io.netty.util.concurrent.FastThreadLocalRunnable.run(FastThreadLocalRunnable.java:30)
		at java.lang.Thread.run(Thread.java:748)
</error>
    <system-err>Mar 22, 2019 6:41:07 PM com.sun.jersey.server.impl.application.WebApplicationImpl _initiate
INFO: Initiating Jersey application, version &apos;Jersey: 1.19.3 10/24/2016 03:43 PM&apos;
Mar 22, 2019 6:41:07 PM com.sun.jersey.server.impl.application.WebApplicationImpl _initiate
INFO: Initiating Jersey application, version &apos;Jersey: 1.19.3 10/24/2016 03:43 PM&apos;
Mar 22, 2019 6:41:07 PM com.sun.jersey.server.impl.application.WebApplicationImpl _initiate
INFO: Initiating Jersey application, version &apos;Jersey: 1.19.3 10/24/2016 03:43 PM&apos;
Mar 22, 2019 6:41:08 PM org.neo4j.driver.internal.logging.JULogger info
INFO: Direct driver instance 425033914 created for server address 127.0.0.1:63284
Mar 22, 2019 6:41:09 PM org.neo4j.driver.internal.logging.JULogger info
INFO: Closing driver instance 425033914
Mar 22, 2019 6:41:09 PM org.neo4j.driver.internal.logging.JULogger info
INFO: Closing connection pool towards 127.0.0.1:63284
</system-err>
  </testcase>
</testsuite>